{"/home/ninja/Documents/RENTAL WEB APPLICATION/WebApplication/Rent_a_Vehicle/src/Db/Add.js": {"path":"/home/ninja/Documents/RENTAL WEB APPLICATION/WebApplication/Rent_a_Vehicle/src/Db/Add.js","statementMap":{"0":{"start":{"line":1,"column":17},"end":{"line":11,"column":1}},"1":{"start":{"line":14,"column":20},"end":{"line":29,"column":1}},"2":{"start":{"line":30,"column":20},"end":{"line":42,"column":1}},"3":{"start":{"line":43,"column":19},"end":{"line":55,"column":5}}},"fnMap":{},"branchMap":{},"s":{"0":0,"1":0,"2":0,"3":0},"f":{},"b":{},"inputSourceMap":null}
,"/home/ninja/Documents/RENTAL WEB APPLICATION/WebApplication/Rent_a_Vehicle/src/Db/Card.js": {"path":"/home/ninja/Documents/RENTAL WEB APPLICATION/WebApplication/Rent_a_Vehicle/src/Db/Card.js","statementMap":{"0":{"start":{"line":9,"column":21},"end":{"line":69,"column":1}}},"fnMap":{},"branchMap":{},"s":{"0":0},"f":{},"b":{},"inputSourceMap":null}
,"/home/ninja/Documents/RENTAL WEB APPLICATION/WebApplication/Rent_a_Vehicle/src/Db/CardDetails.js": {"path":"/home/ninja/Documents/RENTAL WEB APPLICATION/WebApplication/Rent_a_Vehicle/src/Db/CardDetails.js","statementMap":{"0":{"start":{"line":6,"column":29},"end":{"line":23,"column":2}}},"fnMap":{},"branchMap":{},"s":{"0":0},"f":{},"b":{},"inputSourceMap":null}
,"/home/ninja/Documents/RENTAL WEB APPLICATION/WebApplication/Rent_a_Vehicle/src/Db/Content.js": {"path":"/home/ninja/Documents/RENTAL WEB APPLICATION/WebApplication/Rent_a_Vehicle/src/Db/Content.js","statementMap":{"0":{"start":{"line":5,"column":22},"end":{"line":18,"column":5}}},"fnMap":{},"branchMap":{},"s":{"0":0},"f":{},"b":{},"inputSourceMap":null}
,"/home/ninja/Documents/RENTAL WEB APPLICATION/WebApplication/Rent_a_Vehicle/src/Db/Detailed.js": {"path":"/home/ninja/Documents/RENTAL WEB APPLICATION/WebApplication/Rent_a_Vehicle/src/Db/Detailed.js","statementMap":{"0":{"start":{"line":11,"column":23},"end":{"line":61,"column":1}}},"fnMap":{},"branchMap":{},"s":{"0":0},"f":{},"b":{},"inputSourceMap":null}
,"/home/ninja/Documents/RENTAL WEB APPLICATION/WebApplication/Rent_a_Vehicle/src/Db/Event.js": {"path":"/home/ninja/Documents/RENTAL WEB APPLICATION/WebApplication/Rent_a_Vehicle/src/Db/Event.js","statementMap":{"0":{"start":{"line":9,"column":21},"end":{"line":53,"column":1}}},"fnMap":{},"branchMap":{},"s":{"0":0},"f":{},"b":{},"inputSourceMap":null}
,"/home/ninja/Documents/RENTAL WEB APPLICATION/WebApplication/Rent_a_Vehicle/src/Db/LatestVehicle.js": {"path":"/home/ninja/Documents/RENTAL WEB APPLICATION/WebApplication/Rent_a_Vehicle/src/Db/LatestVehicle.js","statementMap":{"0":{"start":{"line":6,"column":29},"end":{"line":43,"column":1}}},"fnMap":{},"branchMap":{},"s":{"0":0},"f":{},"b":{},"inputSourceMap":null}
,"/home/ninja/Documents/RENTAL WEB APPLICATION/WebApplication/Rent_a_Vehicle/src/Db/Luxury.js": {"path":"/home/ninja/Documents/RENTAL WEB APPLICATION/WebApplication/Rent_a_Vehicle/src/Db/Luxury.js","statementMap":{"0":{"start":{"line":9,"column":20},"end":{"line":44,"column":1}}},"fnMap":{},"branchMap":{},"s":{"0":0},"f":{},"b":{},"inputSourceMap":null}
,"/home/ninja/Documents/RENTAL WEB APPLICATION/WebApplication/Rent_a_Vehicle/src/Db/Myvehicles.js": {"path":"/home/ninja/Documents/RENTAL WEB APPLICATION/WebApplication/Rent_a_Vehicle/src/Db/Myvehicles.js","statementMap":{"0":{"start":{"line":6,"column":25},"end":{"line":54,"column":2}}},"fnMap":{},"branchMap":{},"s":{"0":0},"f":{},"b":{},"inputSourceMap":null}
,"/home/ninja/Documents/RENTAL WEB APPLICATION/WebApplication/Rent_a_Vehicle/src/Db/Offers.js": {"path":"/home/ninja/Documents/RENTAL WEB APPLICATION/WebApplication/Rent_a_Vehicle/src/Db/Offers.js","statementMap":{"0":{"start":{"line":6,"column":20},"end":{"line":11,"column":3}}},"fnMap":{},"branchMap":{},"s":{"0":0},"f":{},"b":{},"inputSourceMap":null}
,"/home/ninja/Documents/RENTAL WEB APPLICATION/WebApplication/Rent_a_Vehicle/src/Db/PopularVehicles.js": {"path":"/home/ninja/Documents/RENTAL WEB APPLICATION/WebApplication/Rent_a_Vehicle/src/Db/PopularVehicles.js","statementMap":{"0":{"start":{"line":6,"column":29},"end":{"line":34,"column":1}}},"fnMap":{},"branchMap":{},"s":{"0":0},"f":{},"b":{},"inputSourceMap":null}
,"/home/ninja/Documents/RENTAL WEB APPLICATION/WebApplication/Rent_a_Vehicle/src/Db/Receipt.js": {"path":"/home/ninja/Documents/RENTAL WEB APPLICATION/WebApplication/Rent_a_Vehicle/src/Db/Receipt.js","statementMap":{"0":{"start":{"line":3,"column":21},"end":{"line":24,"column":1}}},"fnMap":{},"branchMap":{},"s":{"0":0},"f":{},"b":{},"inputSourceMap":null}
,"/home/ninja/Documents/RENTAL WEB APPLICATION/WebApplication/Rent_a_Vehicle/src/Db/Shopprofile.js": {"path":"/home/ninja/Documents/RENTAL WEB APPLICATION/WebApplication/Rent_a_Vehicle/src/Db/Shopprofile.js","statementMap":{"0":{"start":{"line":3,"column":25},"end":{"line":29,"column":1}}},"fnMap":{},"branchMap":{},"s":{"0":0},"f":{},"b":{},"inputSourceMap":null}
,"/home/ninja/Documents/RENTAL WEB APPLICATION/WebApplication/Rent_a_Vehicle/src/Db/Test.js": {"path":"/home/ninja/Documents/RENTAL WEB APPLICATION/WebApplication/Rent_a_Vehicle/src/Db/Test.js","statementMap":{"0":{"start":{"line":5,"column":19},"end":{"line":33,"column":1}}},"fnMap":{},"branchMap":{},"s":{"0":0},"f":{},"b":{},"inputSourceMap":null}
,"/home/ninja/Documents/RENTAL WEB APPLICATION/WebApplication/Rent_a_Vehicle/src/Db/Trends.js": {"path":"/home/ninja/Documents/RENTAL WEB APPLICATION/WebApplication/Rent_a_Vehicle/src/Db/Trends.js","statementMap":{"0":{"start":{"line":11,"column":22},"end":{"line":79,"column":1}}},"fnMap":{},"branchMap":{},"s":{"0":0},"f":{},"b":{},"inputSourceMap":null}
,"/home/ninja/Documents/RENTAL WEB APPLICATION/WebApplication/Rent_a_Vehicle/src/Db/Type.js": {"path":"/home/ninja/Documents/RENTAL WEB APPLICATION/WebApplication/Rent_a_Vehicle/src/Db/Type.js","statementMap":{"0":{"start":{"line":5,"column":18},"end":{"line":35,"column":3}}},"fnMap":{},"branchMap":{},"s":{"0":0},"f":{},"b":{},"inputSourceMap":null}
,"/home/ninja/Documents/RENTAL WEB APPLICATION/WebApplication/Rent_a_Vehicle/src/Db/UserProfile.js": {"path":"/home/ninja/Documents/RENTAL WEB APPLICATION/WebApplication/Rent_a_Vehicle/src/Db/UserProfile.js","statementMap":{"0":{"start":{"line":3,"column":25},"end":{"line":25,"column":1}}},"fnMap":{},"branchMap":{},"s":{"0":0},"f":{},"b":{},"inputSourceMap":null}
,"/home/ninja/Documents/RENTAL WEB APPLICATION/WebApplication/Rent_a_Vehicle/src/Db/Users.js": {"path":"/home/ninja/Documents/RENTAL WEB APPLICATION/WebApplication/Rent_a_Vehicle/src/Db/Users.js","statementMap":{"0":{"start":{"line":2,"column":24},"end":{"line":112,"column":3}},"1":{"start":{"line":114,"column":30},"end":{"line":119,"column":3}},"2":{"start":{"line":122,"column":31},"end":{"line":127,"column":3}}},"fnMap":{},"branchMap":{},"s":{"0":0,"1":0,"2":0},"f":{},"b":{},"inputSourceMap":null}
,"/home/ninja/Documents/RENTAL WEB APPLICATION/WebApplication/Rent_a_Vehicle/src/Db/VBrand.js": {"path":"/home/ninja/Documents/RENTAL WEB APPLICATION/WebApplication/Rent_a_Vehicle/src/Db/VBrand.js","statementMap":{"0":{"start":{"line":1,"column":22},"end":{"line":17,"column":3}}},"fnMap":{},"branchMap":{},"s":{"0":0},"f":{},"b":{},"inputSourceMap":null}
,"/home/ninja/Documents/RENTAL WEB APPLICATION/WebApplication/Rent_a_Vehicle/src/Db/VFuel.js": {"path":"/home/ninja/Documents/RENTAL WEB APPLICATION/WebApplication/Rent_a_Vehicle/src/Db/VFuel.js","statementMap":{"0":{"start":{"line":3,"column":21},"end":{"line":19,"column":3}}},"fnMap":{},"branchMap":{},"s":{"0":0},"f":{},"b":{},"inputSourceMap":null}
,"/home/ninja/Documents/RENTAL WEB APPLICATION/WebApplication/Rent_a_Vehicle/src/Db/VTransmission.js": {"path":"/home/ninja/Documents/RENTAL WEB APPLICATION/WebApplication/Rent_a_Vehicle/src/Db/VTransmission.js","statementMap":{"0":{"start":{"line":1,"column":29},"end":{"line":17,"column":3}}},"fnMap":{},"branchMap":{},"s":{"0":0},"f":{},"b":{},"inputSourceMap":null}
,"/home/ninja/Documents/RENTAL WEB APPLICATION/WebApplication/Rent_a_Vehicle/src/Db/Vehicle.js": {"path":"/home/ninja/Documents/RENTAL WEB APPLICATION/WebApplication/Rent_a_Vehicle/src/Db/Vehicle.js","statementMap":{"0":{"start":{"line":3,"column":23},"end":{"line":20,"column":3}}},"fnMap":{},"branchMap":{},"s":{"0":0},"f":{},"b":{},"inputSourceMap":null}
,"/home/ninja/Documents/RENTAL WEB APPLICATION/WebApplication/Rent_a_Vehicle/src/Db/View.js": {"path":"/home/ninja/Documents/RENTAL WEB APPLICATION/WebApplication/Rent_a_Vehicle/src/Db/View.js","statementMap":{"0":{"start":{"line":5,"column":18},"end":{"line":27,"column":1}}},"fnMap":{},"branchMap":{},"s":{"0":0},"f":{},"b":{},"inputSourceMap":null}
,"/home/ninja/Documents/RENTAL WEB APPLICATION/WebApplication/Rent_a_Vehicle/src/hooks/UseContext.jsx": {"path":"/home/ninja/Documents/RENTAL WEB APPLICATION/WebApplication/Rent_a_Vehicle/src/hooks/UseContext.jsx","statementMap":{"0":{"start":{"line":4,"column":20},"end":{"line":4,"column":35}}},"fnMap":{},"branchMap":{},"s":{"0":0},"f":{},"b":{},"inputSourceMap":null}
}
